<?xml version="1.0" encoding="UTF-8"?>
<testng-results ignored="0" total="1" passed="1" failed="0" skipped="0">
  <reporter-output>
  </reporter-output>
  <suite started-at="2022-08-27T07:37:31 PDT" name="Suite" finished-at="2022-08-27T07:37:44 PDT" duration-ms="13139">
    <groups>
    </groups>
    <test started-at="2022-08-27T07:37:31 PDT" name="Test" finished-at="2022-08-27T07:37:44 PDT" duration-ms="13139">
      <class name="com.test.Test1">
        <test-method is-config="true" signature="BS()[pri:0, instance:com.test.Test1@65987993]" started-at="2022-08-27T07:37:29 PDT" name="BS" finished-at="2022-08-27T07:37:31 PDT" duration-ms="1814" status="PASS">
          <reporter-output>
          </reporter-output>
        </test-method> <!-- BS -->
        <test-method is-config="true" signature="setup()[pri:0, instance:com.test.Test1@65987993]" started-at="2022-08-27T07:37:31 PDT" name="setup" finished-at="2022-08-27T07:37:41 PDT" duration-ms="9610" status="PASS">
          <reporter-output>
          </reporter-output>
        </test-method> <!-- setup -->
        <test-method signature="test_01()[pri:0, instance:com.test.Test1@65987993]" started-at="2022-08-27T07:37:41 PDT" name="test_01" finished-at="2022-08-27T07:37:42 PDT" duration-ms="885" status="PASS">
          <reporter-output>
          </reporter-output>
        </test-method> <!-- test_01 -->
        <test-method is-config="true" signature="teardown()[pri:0, instance:com.test.Test1@65987993]" started-at="2022-08-27T07:37:44 PDT" name="teardown" finished-at="2022-08-27T07:37:44 PDT" duration-ms="316" status="PASS">
          <reporter-output>
          </reporter-output>
        </test-method> <!-- teardown -->
      </class> <!-- com.test.Test1 -->
    </test> <!-- Test -->
  </suite> <!-- Suite -->
</testng-results>
